This is pdfTeX, Version 3.1415926-2.5-1.40.14 (TeX Live 2013/Debian) (format=pdflatex 2014.8.31)  4 DEC 2014 16:11
entering extended mode
 restricted \write18 enabled.
 %&-line parsing enabled.
**PDS.tex
(./PDS.tex
LaTeX2e <2011/06/27>
Babel <3.9h> and hyphenation patterns for 78 languages loaded.
(/usr/share/texlive/texmf-dist/tex/latex/base/report.cls
Document Class: report 2007/10/19 v1.4h Standard LaTeX document class
(/usr/share/texlive/texmf-dist/tex/latex/base/size11.clo
File: size11.clo 2007/10/19 v1.4h Standard LaTeX file (size option)
)
\c@part=\count79
\c@chapter=\count80
\c@section=\count81
\c@subsection=\count82
\c@subsubsection=\count83
\c@paragraph=\count84
\c@subparagraph=\count85
\c@figure=\count86
\c@table=\count87
\abovecaptionskip=\skip41
\belowcaptionskip=\skip42
\bibindent=\dimen102
)
(/usr/share/texlive/texmf-dist/tex/latex/tocbibind/tocbibind.sty
Package: tocbibind 2010/10/13 v1.5k extra ToC listings
Package tocbibind Info: The document has chapter divisions on input line 50.


Package tocbibind Note: Using chapter style headings, unless overridden.

) (/usr/share/texlive/texmf-dist/tex/latex/graphics/graphicx.sty
Package: graphicx 1999/02/16 v1.0f Enhanced LaTeX Graphics (DPC,SPQR)

(/usr/share/texlive/texmf-dist/tex/latex/graphics/keyval.sty
Package: keyval 1999/03/16 v1.13 key=value parser (DPC)
\KV@toks@=\toks14
)
(/usr/share/texlive/texmf-dist/tex/latex/graphics/graphics.sty
Package: graphics 2009/02/05 v1.0o Standard LaTeX Graphics (DPC,SPQR)

(/usr/share/texlive/texmf-dist/tex/latex/graphics/trig.sty
Package: trig 1999/03/16 v1.09 sin cos tan (DPC)
)
(/usr/share/texlive/texmf-dist/tex/latex/latexconfig/graphics.cfg
File: graphics.cfg 2010/04/23 v1.9 graphics configuration of TeX Live
)
Package graphics Info: Driver file: pdftex.def on input line 91.

(/usr/share/texlive/texmf-dist/tex/latex/pdftex-def/pdftex.def
File: pdftex.def 2011/05/27 v0.06d Graphics/color for pdfTeX

(/usr/share/texlive/texmf-dist/tex/generic/oberdiek/infwarerr.sty
Package: infwarerr 2010/04/08 v1.3 Providing info/warning/error messages (HO)
)
(/usr/share/texlive/texmf-dist/tex/generic/oberdiek/ltxcmds.sty
Package: ltxcmds 2011/11/09 v1.22 LaTeX kernel commands for general use (HO)
)
\Gread@gobject=\count88
))
\Gin@req@height=\dimen103
\Gin@req@width=\dimen104
)
(/usr/share/texlive/texmf-dist/tex/latex/caption/caption.sty
Package: caption 2013/05/02 v3.3-89 Customizing captions (AR)

(/usr/share/texlive/texmf-dist/tex/latex/caption/caption3.sty
Package: caption3 2013/05/02 v1.6-88 caption3 kernel (AR)
Package caption3 Info: TeX engine: e-TeX on input line 57.
\captionmargin=\dimen105
\captionmargin@=\dimen106
\captionwidth=\dimen107
\caption@tempdima=\dimen108
\caption@indent=\dimen109
\caption@parindent=\dimen110
\caption@hangindent=\dimen111
)
\c@ContinuedFloat=\count89
)
(/usr/share/texlive/texmf-dist/tex/latex/subfigure/subfigure.sty
Package: subfigure 2002/03/15 v2.1.5 subfigure package
\subfigtopskip=\skip43
\subfigcapskip=\skip44
\subfigcaptopadj=\dimen112
\subfigbottomskip=\skip45
\subfigcapmargin=\dimen113
\subfiglabelskip=\skip46
\c@subfigure=\count90
\c@lofdepth=\count91
\c@subtable=\count92
\c@lotdepth=\count93

****************************************
* Local config file subfigure.cfg used *
****************************************
(/usr/share/texlive/texmf-dist/tex/latex/subfigure/subfigure.cfg)
\subfig@top=\skip47
\subfig@bottom=\skip48
)
(/usr/share/texlive/texmf-dist/tex/latex/graphics/color.sty
Package: color 2005/11/14 v1.0j Standard LaTeX Color (DPC)

(/usr/share/texlive/texmf-dist/tex/latex/latexconfig/color.cfg
File: color.cfg 2007/01/18 v1.5 color configuration of teTeX/TeXLive
)
Package color Info: Driver file: pdftex.def on input line 130.
)
(/usr/share/texlive/texmf-dist/tex/latex/tools/array.sty
Package: array 2008/09/09 v2.4c Tabular extension package (FMi)
\col@sep=\dimen114
\extrarowheight=\dimen115
\NC@list=\toks15
\extratabsurround=\skip49
\backup@length=\skip50
)
(/usr/share/texlive/texmf-dist/tex/latex/float/float.sty
Package: float 2001/11/08 v1.3d Float enhancements (AL)
\c@float@type=\count94
\float@exts=\toks16
\float@box=\box26
\@float@everytoks=\toks17
\@floatcapt=\box27
)
(/usr/share/texlive/texmf-dist/tex/latex/cite/cite.sty
LaTeX Info: Redefining \cite on input line 302.
LaTeX Info: Redefining \nocite on input line 373.
Package: cite 2010/09/10  v 5.3
)
(/usr/share/texlive/texmf-dist/tex/latex/url/url.sty
\Urlmuskip=\muskip10
Package: url 2013/09/16  ver 3.4  Verb mode for urls, etc.
)
(/usr/share/texlive/texmf-dist/tex/latex/geometry/geometry.sty
Package: geometry 2010/09/12 v5.6 Page Geometry

(/usr/share/texlive/texmf-dist/tex/generic/oberdiek/ifpdf.sty
Package: ifpdf 2011/01/30 v2.3 Provides the ifpdf switch (HO)
Package ifpdf Info: pdfTeX in PDF mode is detected.
)
(/usr/share/texlive/texmf-dist/tex/generic/oberdiek/ifvtex.sty
Package: ifvtex 2010/03/01 v1.5 Detect VTeX and its facilities (HO)
Package ifvtex Info: VTeX not detected.
)
(/usr/share/texlive/texmf-dist/tex/generic/ifxetex/ifxetex.sty
Package: ifxetex 2010/09/12 v0.6 Provides ifxetex conditional
)
\Gm@cnth=\count95
\Gm@cntv=\count96
\c@Gm@tempcnt=\count97
\Gm@bindingoffset=\dimen116
\Gm@wd@mp=\dimen117
\Gm@odd@mp=\dimen118
\Gm@even@mp=\dimen119
\Gm@layoutwidth=\dimen120
\Gm@layoutheight=\dimen121
\Gm@layouthoffset=\dimen122
\Gm@layoutvoffset=\dimen123
\Gm@dimlist=\toks18
)
(/usr/share/texlive/texmf-dist/tex/latex/hyperref/hyperref.sty
Package: hyperref 2012/11/06 v6.83m Hypertext links for LaTeX

(/usr/share/texlive/texmf-dist/tex/generic/oberdiek/hobsub-hyperref.sty
Package: hobsub-hyperref 2012/05/28 v1.13 Bundle oberdiek, subset hyperref (HO)


(/usr/share/texlive/texmf-dist/tex/generic/oberdiek/hobsub-generic.sty
Package: hobsub-generic 2012/05/28 v1.13 Bundle oberdiek, subset generic (HO)
Package: hobsub 2012/05/28 v1.13 Construct package bundles (HO)
Package hobsub Info: Skipping package `infwarerr' (already loaded).
Package hobsub Info: Skipping package `ltxcmds' (already loaded).
Package: ifluatex 2010/03/01 v1.3 Provides the ifluatex switch (HO)
Package ifluatex Info: LuaTeX not detected.
Package hobsub Info: Skipping package `ifvtex' (already loaded).
Package: intcalc 2007/09/27 v1.1 Expandable calculations with integers (HO)
Package hobsub Info: Skipping package `ifpdf' (already loaded).
Package: etexcmds 2011/02/16 v1.5 Avoid name clashes with e-TeX commands (HO)
Package etexcmds Info: Could not find \expanded.
(etexcmds)             That can mean that you are not using pdfTeX 1.50 or
(etexcmds)             that some package has redefined \expanded.
(etexcmds)             In the latter case, load this package earlier.
Package: kvsetkeys 2012/04/25 v1.16 Key value parser (HO)
Package: kvdefinekeys 2011/04/07 v1.3 Define keys (HO)
Package: pdftexcmds 2011/11/29 v0.20 Utility functions of pdfTeX for LuaTeX (HO
)
Package pdftexcmds Info: LuaTeX not detected.
Package pdftexcmds Info: \pdf@primitive is available.
Package pdftexcmds Info: \pdf@ifprimitive is available.
Package pdftexcmds Info: \pdfdraftmode found.
Package: pdfescape 2011/11/25 v1.13 Implements pdfTeX's escape features (HO)
Package: bigintcalc 2012/04/08 v1.3 Expandable calculations on big integers (HO
)
Package: bitset 2011/01/30 v1.1 Handle bit-vector datatype (HO)
Package: uniquecounter 2011/01/30 v1.2 Provide unlimited unique counter (HO)
)
Package hobsub Info: Skipping package `hobsub' (already loaded).
Package: letltxmacro 2010/09/02 v1.4 Let assignment for LaTeX macros (HO)
Package: hopatch 2012/05/28 v1.2 Wrapper for package hooks (HO)
Package: xcolor-patch 2011/01/30 xcolor patch
Package: atveryend 2011/06/30 v1.8 Hooks at the very end of document (HO)
Package atveryend Info: \enddocument detected (standard20110627).
Package: atbegshi 2011/10/05 v1.16 At begin shipout hook (HO)
Package: refcount 2011/10/16 v3.4 Data extraction from label references (HO)
Package: hycolor 2011/01/30 v1.7 Color options for hyperref/bookmark (HO)
)
(/usr/share/texlive/texmf-dist/tex/latex/oberdiek/auxhook.sty
Package: auxhook 2011/03/04 v1.3 Hooks for auxiliary files (HO)
)
(/usr/share/texlive/texmf-dist/tex/latex/oberdiek/kvoptions.sty
Package: kvoptions 2011/06/30 v3.11 Key value format for package options (HO)
)
\@linkdim=\dimen124
\Hy@linkcounter=\count98
\Hy@pagecounter=\count99

(/usr/share/texlive/texmf-dist/tex/latex/hyperref/pd1enc.def
File: pd1enc.def 2012/11/06 v6.83m Hyperref: PDFDocEncoding definition (HO)
)
\Hy@SavedSpaceFactor=\count100

(/usr/share/texlive/texmf-dist/tex/latex/latexconfig/hyperref.cfg
File: hyperref.cfg 2002/06/06 v1.2 hyperref configuration of TeXLive
)
Package hyperref Info: Hyper figures OFF on input line 4443.
Package hyperref Info: Link nesting OFF on input line 4448.
Package hyperref Info: Hyper index ON on input line 4451.
Package hyperref Info: Plain pages OFF on input line 4458.
Package hyperref Info: Backreferencing OFF on input line 4463.
Package hyperref Info: Implicit mode ON; LaTeX internals redefined.
Package hyperref Info: Bookmarks ON on input line 4688.
\c@Hy@tempcnt=\count101
LaTeX Info: Redefining \url on input line 5041.
\XeTeXLinkMargin=\dimen125
\Fld@menulength=\count102
\Field@Width=\dimen126
\Fld@charsize=\dimen127
Package hyperref Info: Hyper figures OFF on input line 6295.
Package hyperref Info: Link nesting OFF on input line 6300.
Package hyperref Info: Hyper index ON on input line 6303.
Package hyperref Info: backreferencing OFF on input line 6310.
Package hyperref Info: Link coloring OFF on input line 6315.
Package hyperref Info: Link coloring with OCG OFF on input line 6320.
Package hyperref Info: PDF/A mode OFF on input line 6325.
LaTeX Info: Redefining \ref on input line 6365.
LaTeX Info: Redefining \pageref on input line 6369.
\Hy@abspage=\count103
\c@Item=\count104
\c@Hfootnote=\count105
)

Package hyperref Message: Driver (autodetected): hpdftex.

(/usr/share/texlive/texmf-dist/tex/latex/hyperref/hpdftex.def
File: hpdftex.def 2012/11/06 v6.83m Hyperref driver for pdfTeX
\Fld@listcount=\count106
\c@bookmark@seq@number=\count107

(/usr/share/texlive/texmf-dist/tex/latex/oberdiek/rerunfilecheck.sty
Package: rerunfilecheck 2011/04/15 v1.7 Rerun checks for auxiliary files (HO)
Package uniquecounter Info: New unique counter `rerunfilecheck' on input line 2
82.
)
\Hy@SectionHShift=\skip51
)
\glosslen=\skip52

(./PDS.aux)
\openout1 = `PDS.aux'.

LaTeX Font Info:    Checking defaults for OML/cmm/m/it on input line 47.
LaTeX Font Info:    ... okay on input line 47.
LaTeX Font Info:    Checking defaults for T1/cmr/m/n on input line 47.
LaTeX Font Info:    ... okay on input line 47.
LaTeX Font Info:    Checking defaults for OT1/cmr/m/n on input line 47.
LaTeX Font Info:    ... okay on input line 47.
LaTeX Font Info:    Checking defaults for OMS/cmsy/m/n on input line 47.
LaTeX Font Info:    ... okay on input line 47.
LaTeX Font Info:    Checking defaults for OMX/cmex/m/n on input line 47.
LaTeX Font Info:    ... okay on input line 47.
LaTeX Font Info:    Checking defaults for U/cmr/m/n on input line 47.
LaTeX Font Info:    ... okay on input line 47.
LaTeX Font Info:    Checking defaults for PD1/pdf/m/n on input line 47.
LaTeX Font Info:    ... okay on input line 47.
 (/usr/share/texlive/texmf-dist/tex/context/base/supp-pdf.mkii
[Loading MPS to PDF converter (version 2006.09.02).]
\scratchcounter=\count108
\scratchdimen=\dimen128
\scratchbox=\box28
\nofMPsegments=\count109
\nofMParguments=\count110
\everyMPshowfont=\toks19
\MPscratchCnt=\count111
\MPscratchDim=\dimen129
\MPnumerator=\count112
\makeMPintoPDFobject=\count113
\everyMPtoPDFconversion=\toks20
) (/usr/share/texlive/texmf-dist/tex/latex/oberdiek/epstopdf-base.sty
Package: epstopdf-base 2010/02/09 v2.5 Base part for package epstopdf

(/usr/share/texlive/texmf-dist/tex/latex/oberdiek/grfext.sty
Package: grfext 2010/08/19 v1.1 Manage graphics extensions (HO)
)
Package grfext Info: Graphics extension search list:
(grfext)             [.png,.pdf,.jpg,.mps,.jpeg,.jbig2,.jb2,.PNG,.PDF,.JPG,.JPE
G,.JBIG2,.JB2,.eps]
(grfext)             \AppendGraphicsExtensions on input line 452.

(/usr/share/texlive/texmf-dist/tex/latex/latexconfig/epstopdf-sys.cfg
File: epstopdf-sys.cfg 2010/07/13 v1.3 Configuration of (r)epstopdf for TeX Liv
e
))
Package caption Info: Begin \AtBeginDocument code.
Package caption Info: float package is loaded.
Package caption Info: hyperref package is loaded.
Package caption Info: subfigure package is loaded.
Package caption Info: End \AtBeginDocument code.

*geometry* driver: auto-detecting
*geometry* detected driver: pdftex
*geometry* verbose mode - [ preamble ] result:
* driver: pdftex
* paper: letterpaper
* layout: <same size as paper>
* layoutoffset:(h,v)=(0.0pt,0.0pt)
* modes: 
* h-part:(L,W,R)=(72.26999pt, 469.75499pt, 72.27002pt)
* v-part:(T,H,B)=(72.27pt, 650.43pt, 72.26999pt)
* \paperwidth=614.295pt
* \paperheight=794.96999pt
* \textwidth=469.75499pt
* \textheight=650.43pt
* \oddsidemargin=0.0pt
* \evensidemargin=0.0pt
* \topmargin=-36.99998pt
* \headheight=12.0pt
* \headsep=25.0pt
* \topskip=11.0pt
* \footskip=30.0pt
* \marginparwidth=59.0pt
* \marginparsep=10.0pt
* \columnsep=10.0pt
* \skip\footins=10.0pt plus 4.0pt minus 2.0pt
* \hoffset=0.0pt
* \voffset=0.0pt
* \mag=1000
* \@twocolumnfalse
* \@twosidefalse
* \@mparswitchfalse
* \@reversemarginfalse
* (1in=72.27pt=25.4mm, 1cm=28.453pt)

\AtBeginShipoutBox=\box29
Package hyperref Info: Link coloring OFF on input line 47.
(/usr/share/texlive/texmf-dist/tex/latex/hyperref/nameref.sty
Package: nameref 2012/10/27 v2.43 Cross-referencing by name of section

(/usr/share/texlive/texmf-dist/tex/generic/oberdiek/gettitlestring.sty
Package: gettitlestring 2010/12/03 v1.4 Cleanup title references (HO)
)
\c@section@level=\count114
)
LaTeX Info: Redefining \ref on input line 47.
LaTeX Info: Redefining \pageref on input line 47.
LaTeX Info: Redefining \nameref on input line 47.

(./PDS.out) (./PDS.out)
\@outlinefile=\write3
\openout3 = `PDS.out'.

LaTeX Font Info:    External font `cmex10' loaded for size
(Font)              <12> on input line 50.
LaTeX Font Info:    External font `cmex10' loaded for size
(Font)              <8> on input line 50.
LaTeX Font Info:    External font `cmex10' loaded for size
(Font)              <6> on input line 50.
 [1

{/var/lib/texmf/fonts/map/pdftex/updmap/pdftex.map}]
(./PDS.toc
LaTeX Font Info:    External font `cmex10' loaded for size
(Font)              <10.95> on input line 2.
pdfTeX warning (ext4): destination with the same identifier (name{page.1}) has 
been already used, duplicate ignored
<to be read again> 
                   \relax 
l.50 ...}{\numberline {A}Glossary}{24}{appendix.A}
                                                   [1

])
\tf@toc=\write4
\openout4 = `PDS.toc'.

 [2]
Chapter 1.

Overfull \hbox (5.30313pt too wide) in paragraph at lines 59--74
 [] 
 []

[3

] [4]
Chapter 2.

Underfull \hbox (badness 10000) in paragraph at lines 97--99

 []

<ideal.png, id=218, 148.3944pt x 110.814pt>
File: ideal.png Graphic file (type png)
 <use ideal.png>
Package pdftex.def Info: ideal.png used on input line 116.
(pdftex.def)             Requested size: 142.26678pt x 113.81163pt.

<off-angle.png, id=220, 144.0582pt x 107.9232pt>
File: off-angle.png Graphic file (type png)
 <use off-angle.png>
Package pdftex.def Info: off-angle.png used on input line 117.
(pdftex.def)             Requested size: 142.27293pt x 113.81178pt.

<no-table.png, id=221, 145.0218pt x 109.8504pt>
File: no-table.png Graphic file (type png)
 <use no-table.png>
Package pdftex.def Info: no-table.png used on input line 118.
(pdftex.def)             Requested size: 142.26865pt x 113.81595pt.
 [5

]
Underfull \hbox (badness 10000) in paragraph at lines 130--131

 []

[6 <./ideal.png> <./off-angle.png> <./no-table.png>]
Underfull \hbox (badness 10000) in paragraph at lines 151--152

 []

<VR1.png, id=238, 208.1376pt x 117.5592pt>
File: VR1.png Graphic file (type png)
 <use VR1.png>
Package pdftex.def Info: VR1.png used on input line 157.
(pdftex.def)             Requested size: 208.13708pt x 117.5589pt.

<VR2.png, id=239, 187.4202pt x 144.0582pt>
File: VR2.png Graphic file (type png)
 <use VR2.png>
Package pdftex.def Info: VR2.png used on input line 166.
(pdftex.def)             Requested size: 187.41974pt x 144.05783pt.
 [7 <./VR1.png> <./VR2.png>] [8]
Underfull \hbox (badness 10000) in paragraph at lines 185--186

 []

<ERDiagram2.png, id=254, 2183.15625pt x 1694.33pt>
File: ERDiagram2.png Graphic file (type png)
 <use ERDiagram2.png>
Package pdftex.def Info: ERDiagram2.png used on input line 190.
(pdftex.def)             Requested size: 493.24417pt x 382.78487pt.

Overfull \hbox (23.48918pt too wide) in paragraph at lines 190--191
 [][] 
 []

[9 <./ERDiagram2.png (PNG copy)>]
<Data-Flow-Level0.png, id=260, 2183.15625pt x 997.7275pt>
File: Data-Flow-Level0.png Graphic file (type png)

<use Data-Flow-Level0.png>
Package pdftex.def Info: Data-Flow-Level0.png used on input line 204.
(pdftex.def)             Requested size: 469.75499pt x 214.67468pt.
 <Data-Flow-Level1.png, id=261, 2409.0pt x 1204.5pt>
File: Data-Flow-Level1.png Graphic file (type png)

<use Data-Flow-Level1.png>
Package pdftex.def Info: Data-Flow-Level1.png used on input line 214.
(pdftex.def)             Requested size: 469.75499pt x 234.86737pt.

Underfull \hbox (badness 10000) in paragraph at lines 223--228

 []

[10 <./Data-Flow-Level0.png (PNG copy)> <./Data-Flow-Level1.png (PNG copy)>]
[11]
Chapter 3.
<Design-Comprises.png, id=271, 2267.29411pt x 1203.08295pt>
File: Design-Comprises.png Graphic file (type png)

<use Design-Comprises.png>
Package pdftex.def Info: Design-Comprises.png used on input line 233.
(pdftex.def)             Requested size: 493.24417pt x 261.7235pt.

Overfull \hbox (23.48918pt too wide) in paragraph at lines 233--234
 [] 
 []


Underfull \hbox (badness 10000) in paragraph at lines 240--260

 []


Underfull \hbox (badness 10000) in paragraph at lines 240--260

 []


Underfull \hbox (badness 10000) in paragraph at lines 240--260

 []


Underfull \hbox (badness 10000) in paragraph at lines 240--260

 []


Overfull \hbox (36.25476pt too wide) in paragraph at lines 240--260
\OT1/cmtt/m/n/10.95 situationAnalysis\OT1/cmr/m/n/10.95 : An-a-lyzes the sit-u-
a-tion from ob-ject po-si-tion data pro-vided by \OT1/cmtt/m/n/10.95 computerVi
sionStores
 []


Underfull \hbox (badness 10000) in paragraph at lines 240--260

 []


Underfull \hbox (badness 10000) in paragraph at lines 240--260

 []


Underfull \hbox (badness 10000) in paragraph at lines 240--260

 []

[12

 <./Design-Comprises.png>]
<Design-Uses.png, id=278, 1132.93852pt x 826.85382pt>
File: Design-Uses.png Graphic file (type png)
 <use Design-Uses.png>
Package pdftex.def Info: Design-Uses.png used on input line 270.
(pdftex.def)             Requested size: 428.82697pt x 312.97127pt.

[13]
Underfull \hbox (badness 10000) in paragraph at lines 284--288

 []


Underfull \hbox (badness 10000) in paragraph at lines 291--296

 []

[14 <./Design-Uses.png>]
Underfull \hbox (badness 10000) in paragraph at lines 299--303

 []


Underfull \hbox (badness 10000) in paragraph at lines 306--313

 []


Underfull \hbox (badness 10000) in paragraph at lines 320--324

 []


Underfull \hbox (badness 10000) in paragraph at lines 327--331

 []


Overfull \hbox (30.38084pt too wide) in paragraph at lines 327--331
\OT1/cmtt/m/n/10.95 DifferenceMotion(CVFrame frame1, CVFrame frame2, Difference
Store output, CountDownLatch
 []

[15]
Underfull \hbox (badness 10000) in paragraph at lines 334--338

 []


Underfull \hbox (badness 10000) in paragraph at lines 341--345

 []


Overfull \hbox (24.63216pt too wide) in paragraph at lines 341--345
\OT1/cmtt/m/n/10.95 BallDetect(CVFrame frame1, CVFrame frame2, BallStore output
, CountDownLatch semaphore) 
 []


Underfull \hbox (badness 10000) in paragraph at lines 356--361

 []


Underfull \hbox (badness 10000) in paragraph at lines 364--369

 []


Underfull \hbox (badness 10000) in paragraph at lines 372--376

 []

[16]
Underfull \hbox (badness 10000) in paragraph at lines 379--383

 []


Underfull \hbox (badness 10000) in paragraph at lines 390--395

 []


Overfull \hbox (14.62897pt too wide) in paragraph at lines 398--404
\OT1/cmr/m/n/10.95 Stores the rough prob-a-bil-i-ties cal-cu-lated by \OT1/cmtt
/m/n/10.95 ImmediateStatus \OT1/cmr/m/n/10.95 and pro-vides them to \OT1/cmtt/m
/n/10.95 AggregateStatus\OT1/cmr/m/n/10.95 .
 []


Underfull \hbox (badness 10000) in paragraph at lines 398--404

 []


Underfull \hbox (badness 10000) in paragraph at lines 408--412

 []

[17]
Underfull \hbox (badness 10000) in paragraph at lines 416--421

 []


Underfull \hbox (badness 10000) in paragraph at lines 424--428

 []

[18]
Chapter 4.

Underfull \hbox (badness 10000) in paragraph at lines 454--455

 []


Underfull \hbox (badness 10000) in paragraph at lines 456--457

 []


Underfull \hbox (badness 10000) in paragraph at lines 458--459

 []


Underfull \hbox (badness 10000) in paragraph at lines 460--461

 []


Underfull \hbox (badness 10000) in paragraph at lines 462--463

 []

[19

]
Underfull \hbox (badness 10000) in paragraph at lines 464--465

 []


Underfull \hbox (badness 10000) in paragraph at lines 470--485

 []


Overfull \hbox (31.97867pt too wide) in paragraph at lines 497--507
 [] 
 []


Underfull \hbox (badness 10000) in paragraph at lines 492--523

 []


Underfull \hbox (badness 10000) in paragraph at lines 492--523

 []

[20] <integration.png, id=332, 473.77pt x 583.17876pt>
File: integration.png Graphic file (type png)
 <use integration.png>
Package pdftex.def Info: integration.png used on input line 527.
(pdftex.def)             Requested size: 281.85585pt x 346.95563pt.

Underfull \hbox (badness 10000) in paragraph at lines 533--536

 []

[21] [22 <./integration.png>] [23]
Appendix A.

Overfull \hbox (2.77362pt too wide) in paragraph at lines 585--586
[] $[]$ 
 []


Overfull \hbox (2.77362pt too wide) in paragraph at lines 587--588
[] $[]$ 
 []


Overfull \hbox (2.77362pt too wide) in paragraph at lines 589--590
[] $[]$ 
 []


Overfull \hbox (2.77362pt too wide) in paragraph at lines 591--592
[] $[]$ 
 []


Overfull \hbox (2.77362pt too wide) in paragraph at lines 593--594
[] $[]$ 
 []


Overfull \hbox (2.77362pt too wide) in paragraph at lines 595--596
[] $[]$ 
 []


Overfull \hbox (2.77362pt too wide) in paragraph at lines 597--598
[] $[]$ 
 []


Overfull \hbox (2.77362pt too wide) in paragraph at lines 599--600
[] $[]$ 
 []


Overfull \hbox (2.77362pt too wide) in paragraph at lines 601--602
[] $[]$ 
 []

[24

]
Appendix B.
Package atveryend Info: Empty hook `BeforeClearDocument' on input line 610.
[25

]
Package atveryend Info: Empty hook `AfterLastShipout' on input line 610.
 (./PDS.aux)
Package atveryend Info: Executing hook `AtVeryEndDocument' on input line 610.
Package atveryend Info: Executing hook `AtEndAfterFileList' on input line 610.
Package rerunfilecheck Info: File `PDS.out' has not changed.
(rerunfilecheck)             Checksum: 5DEDD3F6B45DB1D460116A9847AAEABC;2257.
Package atveryend Info: Empty hook `AtVeryVeryEnd' on input line 610.
 ) 
Here is how much of TeX's memory you used:
 7183 strings out of 493304
 109398 string characters out of 6139871
 202674 words of memory out of 5000000
 10475 multiletter control sequences out of 15000+600000
 10538 words of font info for 37 fonts, out of 8000000 for 9000
 957 hyphenation exceptions out of 8191
 36i,15n,38p,894b,386s stack positions out of 5000i,500n,10000p,200000b,80000s
</usr/share/texlive/texmf-dist/fonts/type1/public/amsfonts/cm/cmbx10.pfb></us
r/share/texlive/texmf-dist/fonts/type1/public/amsfonts/cm/cmbx12.pfb></usr/shar
e/texlive/texmf-dist/fonts/type1/public/amsfonts/cm/cmr10.pfb></usr/share/texli
ve/texmf-dist/fonts/type1/public/amsfonts/cm/cmr12.pfb></usr/share/texlive/texm
f-dist/fonts/type1/public/amsfonts/cm/cmr17.pfb></usr/share/texlive/texmf-dist/
fonts/type1/public/amsfonts/cm/cmti12.pfb></usr/share/texlive/texmf-dist/fonts/
type1/public/amsfonts/cm/cmtt10.pfb>
Output written on PDS.pdf (26 pages, 831977 bytes).
PDF statistics:
 408 PDF objects out of 1000 (max. 8388607)
 352 compressed objects within 4 object streams
 97 named destinations out of 1000 (max. 500000)
 344 words of extra memory for PDF output out of 10000 (max. 10000000)

