\BOOKMARK [0][-]{chapter.1}{Preliminaries}{}% 1
\BOOKMARK [1][-]{section.1.1}{Change Log}{chapter.1}% 2
\BOOKMARK [1][-]{section.1.2}{Introduction}{chapter.1}% 3
\BOOKMARK [0][-]{chapter.2}{Requirements}{}% 4
\BOOKMARK [1][-]{section.2.1}{Stakeholders}{chapter.2}% 5
\BOOKMARK [1][-]{section.2.2}{Scope}{chapter.2}% 6
\BOOKMARK [1][-]{section.2.3}{Problem Domain}{chapter.2}% 7
\BOOKMARK [1][-]{section.2.4}{Console}{chapter.2}% 8
\BOOKMARK [1][-]{section.2.5}{Video recording}{chapter.2}% 9
\BOOKMARK [1][-]{section.2.6}{General}{chapter.2}% 10
\BOOKMARK [1][-]{section.2.7}{Entity-Relationship Diagram}{chapter.2}% 11
\BOOKMARK [1][-]{section.2.8}{Data Flow Diagram}{chapter.2}% 12
\BOOKMARK [1][-]{section.2.9}{Non-functional Requirements}{chapter.2}% 13
\BOOKMARK [0][-]{chapter.3}{Design}{}% 14
\BOOKMARK [1][-]{section.3.1}{Architecture}{chapter.3}% 15
\BOOKMARK [1][-]{section.3.2}{Design Rationale}{chapter.3}% 16
\BOOKMARK [1][-]{section.3.3}{Detailed Design}{chapter.3}% 17
\BOOKMARK [2][-]{subsection.3.3.1}{PDSMain}{section.3.3}% 18
\BOOKMARK [2][-]{subsection.3.3.2}{input}{section.3.3}% 19
\BOOKMARK [2][-]{subsection.3.3.3}{videoService}{section.3.3}% 20
\BOOKMARK [2][-]{subsection.3.3.4}{computerVisionService}{section.3.3}% 21
\BOOKMARK [2][-]{subsection.3.3.5}{computerVisionStores}{section.3.3}% 22
\BOOKMARK [2][-]{subsection.3.3.6}{situationAnalysis}{section.3.3}% 23
\BOOKMARK [2][-]{subsection.3.3.7}{output}{section.3.3}% 24
\BOOKMARK [0][-]{chapter.4}{Verification Plan}{}% 25
\BOOKMARK [1][-]{section.4.1}{Verification Strategy}{chapter.4}% 26
\BOOKMARK [2][-]{subsection.4.1.1}{Black-box techniques}{section.4.1}% 27
\BOOKMARK [2][-]{subsection.4.1.2}{Video Tests}{section.4.1}% 28
\BOOKMARK [2][-]{subsection.4.1.3}{White-box techniques}{section.4.1}% 29
\BOOKMARK [2][-]{subsection.4.1.4}{Testing at different levels}{section.4.1}% 30
\BOOKMARK [1][-]{section.4.2}{Challenges for testing}{chapter.4}% 31
\BOOKMARK [1][-]{section.4.3}{Status of testing}{chapter.4}% 32
\BOOKMARK [2][-]{subsection.4.3.1}{The status of black-box testing}{section.4.3}% 33
\BOOKMARK [2][-]{subsection.4.3.2}{The status of unit testing}{section.4.3}% 34
\BOOKMARK [0][-]{appendix.A}{Glossary}{}% 35
\BOOKMARK [0][-]{appendix.B}{Bibliography}{}% 36
